TN:
SF:src\components\HomeSections.tsx
FN:6,Header
FN:26,FeaturedGrid
FN:64,StatusBanner
FNF:3
FNH:3
FNDA:1,Header
FNDA:2,FeaturedGrid
FNDA:2,StatusBanner
DA:1,1
DA:2,1
DA:3,1
DA:4,1
DA:5,1
DA:6,1
DA:7,1
DA:8,1
DA:9,1
DA:10,1
DA:11,1
DA:12,1
DA:13,1
DA:14,1
DA:15,1
DA:16,1
DA:17,1
DA:18,1
DA:19,1
DA:20,1
DA:21,1
DA:22,1
DA:23,1
DA:24,1
DA:25,1
DA:26,1
DA:27,2
DA:28,2
DA:29,2
DA:30,2
DA:31,2
DA:32,2
DA:33,2
DA:34,2
DA:35,2
DA:36,2
DA:37,2
DA:38,2
DA:39,2
DA:40,2
DA:41,2
DA:42,2
DA:43,2
DA:44,2
DA:45,2
DA:46,2
DA:47,2
DA:48,2
DA:49,2
DA:50,2
DA:51,2
DA:52,2
DA:53,2
DA:54,2
DA:55,2
DA:56,2
DA:57,2
DA:58,2
DA:59,1
DA:60,1
DA:61,1
DA:62,1
DA:63,1
DA:64,1
DA:65,2
DA:66,2
DA:67,2
DA:68,2
DA:69,2
DA:70,2
DA:71,2
DA:72,2
DA:73,2
DA:74,2
DA:75,2
DA:76,2
DA:77,2
DA:78,2
DA:79,2
DA:80,2
DA:81,2
DA:82,2
DA:83,2
DA:84,2
DA:85,2
LF:85
LH:85
BRDA:6,0,0,1
BRDA:26,1,0,2
BRDA:38,2,0,8
BRDA:64,3,0,2
BRDA:65,4,0,1
BRDA:74,5,0,1
BRDA:74,6,0,1
BRDA:75,7,0,1
BRDA:75,8,0,1
BRF:9
BRH:9
end_of_record
TN:
SF:src\components\auth\Alert.tsx
FN:13,Alert
FNF:1
FNH:1
FNDA:5,Alert
DA:1,1
DA:2,1
DA:3,1
DA:4,1
DA:5,1
DA:6,1
DA:7,1
DA:8,1
DA:9,1
DA:10,1
DA:11,1
DA:12,1
DA:13,1
DA:14,5
DA:15,5
DA:16,5
DA:17,5
DA:18,5
DA:19,5
DA:20,5
DA:21,5
DA:22,5
DA:23,5
DA:24,5
LF:24
LH:24
BRDA:13,0,0,5
BRDA:16,1,0,1
BRDA:16,2,0,4
BRDA:20,3,0,2
BRDA:20,4,0,3
BRF:5
BRH:5
end_of_record
TN:
SF:src\components\auth\ConsentCheckbox.tsx
FN:7,ConsentCheckbox
FN:14,onChange
FNF:2
FNH:2
FNDA:38,ConsentCheckbox
FNDA:1,onChange
DA:1,1
DA:2,1
DA:3,1
DA:4,1
DA:5,1
DA:6,1
DA:7,1
DA:8,38
DA:9,38
DA:10,38
DA:11,38
DA:12,38
DA:13,38
DA:14,38
DA:15,38
DA:16,38
DA:17,38
DA:18,38
DA:19,38
DA:20,38
DA:21,38
DA:22,38
DA:23,38
DA:24,1
DA:25,1
DA:26,1
DA:27,1
DA:28,38
DA:29,38
DA:30,38
LF:30
LH:30
BRDA:7,0,0,38
BRDA:17,1,0,1
BRDA:17,2,0,37
BRDA:23,3,0,1
BRDA:27,4,0,37
BRDA:14,5,0,1
BRF:6
BRH:6
end_of_record
TN:
SF:src\components\auth\EmailLoginForm.tsx
FN:13,EmailLoginForm
FN:20,handleSubmit
FN:50,onChange
FN:67,onChange
FNF:4
FNH:4
FNDA:35,EmailLoginForm
FNDA:1,handleSubmit
FNDA:19,onChange
FNDA:13,onChange
DA:1,1
DA:2,1
DA:3,1
DA:4,1
DA:5,1
DA:6,1
DA:7,1
DA:8,1
DA:9,1
DA:10,1
DA:11,1
DA:12,1
DA:13,1
DA:14,35
DA:15,35
DA:16,35
DA:17,35
DA:18,35
DA:19,35
DA:20,35
DA:21,1
DA:22,1
DA:23,1
DA:24,1
DA:25,1
DA:26,1
DA:27,1
DA:28,1
DA:29,1
DA:30,1
DA:31,1
DA:32,1
DA:33,1
DA:34,0
DA:35,1
DA:36,1
DA:37,1
DA:38,1
DA:39,35
DA:40,35
DA:41,35
DA:42,35
DA:43,35
DA:44,35
DA:45,35
DA:46,35
DA:47,35
DA:48,35
DA:49,35
DA:50,35
DA:51,35
DA:52,35
DA:53,35
DA:54,35
DA:55,35
DA:56,35
DA:57,35
DA:58,35
DA:59,35
DA:60,35
DA:61,35
DA:62,35
DA:63,35
DA:64,35
DA:65,35
DA:66,35
DA:67,35
DA:68,35
DA:69,35
DA:70,35
DA:71,35
DA:72,35
DA:73,35
DA:74,0
DA:75,0
DA:76,35
DA:77,35
DA:78,35
DA:79,35
DA:80,35
DA:81,35
DA:82,35
DA:83,35
DA:84,35
DA:85,35
LF:85
LH:82
BRDA:13,0,0,35
BRDA:56,1,0,0
BRDA:73,2,0,0
BRDA:79,3,0,1
BRDA:79,4,0,34
BRDA:82,5,0,0
BRDA:20,6,0,1
BRDA:27,7,0,0
BRDA:33,8,0,0
BRDA:50,9,0,19
BRDA:67,10,0,13
BRF:11
BRH:6
end_of_record
TN:
SF:src\components\auth\EmailRegisterForm.tsx
FN:20,EmailRegisterForm
FN:32,handleSubmit
FN:77,onChange
FN:91,onChange
FN:113,onChange
FNF:5
FNH:4
FNDA:38,EmailRegisterForm
FNDA:2,handleSubmit
FNDA:0,onChange
FNDA:19,onChange
FNDA:13,onChange
DA:1,1
DA:2,1
DA:3,1
DA:4,1
DA:5,1
DA:6,1
DA:7,1
DA:8,1
DA:9,1
DA:10,1
DA:11,1
DA:12,1
DA:13,1
DA:14,1
DA:15,1
DA:16,1
DA:17,1
DA:18,1
DA:19,1
DA:20,1
DA:21,38
DA:22,38
DA:23,38
DA:24,38
DA:25,38
DA:26,38
DA:27,38
DA:28,38
DA:29,38
DA:30,38
DA:31,38
DA:32,38
DA:33,2
DA:34,2
DA:35,2
DA:36,2
DA:37,2
DA:38,2
DA:39,2
DA:40,2
DA:41,1
DA:42,1
DA:43,1
DA:44,1
DA:45,1
DA:46,1
DA:47,1
DA:48,1
DA:49,1
DA:50,1
DA:51,2
DA:52,2
DA:53,1
DA:54,1
DA:55,1
DA:56,1
DA:57,2
DA:58,0
DA:59,0
DA:60,0
DA:61,0
DA:62,2
DA:63,1
DA:64,1
DA:65,2
DA:66,38
DA:67,38
DA:68,38
DA:69,38
DA:70,38
DA:71,38
DA:72,38
DA:73,38
DA:74,38
DA:75,38
DA:76,38
DA:77,38
DA:78,38
DA:79,38
DA:80,38
DA:81,38
DA:82,38
DA:83,38
DA:84,38
DA:85,38
DA:86,38
DA:87,38
DA:88,38
DA:89,38
DA:90,38
DA:91,38
DA:92,38
DA:93,38
DA:94,38
DA:95,38
DA:96,38
DA:97,38
DA:98,38
DA:99,1
DA:100,1
DA:101,1
DA:102,1
DA:103,38
DA:104,38
DA:105,38
DA:106,38
DA:107,38
DA:108,38
DA:109,38
DA:110,38
DA:111,38
DA:112,38
DA:113,38
DA:114,38
DA:115,38
DA:116,38
DA:117,38
DA:118,38
DA:119,38
DA:120,38
DA:121,38
DA:122,1
DA:123,1
DA:124,1
DA:125,1
DA:126,38
DA:127,38
DA:128,38
DA:129,38
DA:130,38
DA:131,38
DA:132,38
DA:133,38
DA:134,38
DA:135,1
DA:136,1
DA:137,38
DA:138,38
DA:139,1
DA:140,1
DA:141,1
DA:142,1
DA:143,1
DA:144,1
DA:145,1
DA:146,1
DA:147,38
DA:148,38
DA:149,38
LF:149
LH:145
BRDA:20,0,0,38
BRDA:95,1,0,1
BRDA:95,2,0,37
BRDA:98,3,0,1
BRDA:102,4,0,37
BRDA:117,5,0,1
BRDA:117,6,0,37
BRDA:121,7,0,1
BRDA:125,8,0,37
BRDA:131,9,0,1
BRDA:131,10,0,37
BRDA:134,11,0,1
BRDA:135,12,0,0
BRDA:136,13,0,37
BRDA:138,14,0,1
BRDA:146,15,0,37
BRDA:32,16,0,2
BRDA:37,17,0,1
BRDA:37,18,0,1
BRDA:40,19,0,1
BRDA:52,20,0,1
BRDA:57,21,0,0
BRDA:62,22,0,1
BRDA:91,23,0,19
BRDA:113,24,0,13
BRF:25
BRH:23
end_of_record
TN:
SF:src\components\auth\MethodTabs.tsx
FN:10,MethodTabs
FNF:1
FNH:1
FNDA:1,MethodTabs
DA:1,1
DA:2,1
DA:3,1
DA:4,1
DA:5,1
DA:6,1
DA:7,1
DA:8,1
DA:9,1
DA:10,1
DA:11,1
DA:12,1
DA:13,1
DA:14,1
DA:15,2
DA:16,2
DA:17,1
DA:18,1
DA:19,1
DA:20,1
DA:21,1
DA:22,1
DA:23,1
DA:24,1
DA:25,1
DA:26,1
DA:27,1
DA:28,1
DA:29,1
DA:30,1
DA:31,1
DA:32,1
LF:32
LH:32
BRDA:10,0,0,1
BRDA:14,1,0,2
BRDA:24,2,0,2
BRDA:25,3,0,0
BRF:4
BRH:3
end_of_record
TN:
SF:src\components\auth\SocialLoginButtons.tsx
FN:16,GoogleIcon
FN:39,AppleIcon
FN:47,SocialLoginButtons
FN:57,handleSocial
FN:85,onClick
FN:96,onClick
FNF:6
FNH:5
FNDA:1,GoogleIcon
FNDA:1,AppleIcon
FNDA:1,SocialLoginButtons
FNDA:1,handleSocial
FNDA:1,onClick
FNDA:0,onClick
DA:1,1
DA:2,1
DA:3,1
DA:4,1
DA:5,1
DA:6,1
DA:7,1
DA:8,1
DA:9,1
DA:10,1
DA:11,1
DA:12,1
DA:13,1
DA:14,1
DA:15,1
DA:16,1
DA:17,1
DA:18,1
DA:19,1
DA:20,1
DA:21,1
DA:22,1
DA:23,1
DA:24,1
DA:25,1
DA:26,1
DA:27,1
DA:28,1
DA:29,1
DA:30,1
DA:31,1
DA:32,1
DA:33,1
DA:34,1
DA:35,1
DA:36,1
DA:37,1
DA:38,1
DA:39,1
DA:40,1
DA:41,1
DA:42,1
DA:43,1
DA:44,1
DA:45,1
DA:46,1
DA:47,1
DA:48,1
DA:49,1
DA:50,1
DA:51,1
DA:52,1
DA:53,1
DA:54,1
DA:55,1
DA:56,1
DA:57,1
DA:58,1
DA:59,0
DA:60,0
DA:61,0
DA:62,1
DA:63,1
DA:64,1
DA:65,1
DA:66,1
DA:67,1
DA:68,1
DA:69,1
DA:70,1
DA:71,1
DA:72,0
DA:73,1
DA:74,0
DA:75,0
DA:76,0
DA:77,0
DA:78,0
DA:79,0
DA:80,1
DA:81,1
DA:82,1
DA:83,1
DA:84,1
DA:85,1
DA:86,1
DA:87,1
DA:88,1
DA:89,1
DA:90,1
DA:91,1
DA:92,1
DA:93,1
DA:94,1
DA:95,1
DA:96,1
DA:97,1
DA:98,1
DA:99,1
DA:100,1
DA:101,1
DA:102,1
DA:103,1
DA:104,1
DA:105,1
DA:106,1
DA:107,1
DA:108,1
DA:109,1
DA:110,1
DA:111,1
DA:112,1
DA:113,1
DA:114,1
LF:114
LH:104
BRDA:16,0,0,1
BRDA:39,1,0,1
BRDA:47,2,0,1
BRDA:90,3,0,0
BRDA:101,4,0,0
BRDA:109,5,0,0
BRDA:111,6,0,0
BRDA:57,7,0,1
BRDA:58,8,0,0
BRDA:58,9,0,0
BRDA:66,10,0,0
BRDA:71,11,0,0
BRDA:73,12,0,0
BRDA:85,13,0,1
BRF:14
BRH:5
end_of_record
TN:
SF:src\components\auth\Spinner.tsx
FN:6,Spinner
FNF:1
FNH:1
FNDA:2,Spinner
DA:1,1
DA:2,1
DA:3,1
DA:4,1
DA:5,1
DA:6,1
DA:7,2
DA:8,2
DA:9,2
DA:10,2
DA:11,2
DA:12,2
DA:13,2
DA:14,2
DA:15,2
DA:16,2
DA:17,2
LF:17
LH:17
BRDA:6,0,0,2
BRDA:14,1,0,0
BRF:2
BRH:1
end_of_record
TN:
SF:src\lib\api.ts
FN:6,getHealth
FNF:1
FNH:1
FNDA:2,getHealth
DA:1,1
DA:2,1
DA:3,1
DA:4,1
DA:5,1
DA:6,1
DA:7,2
DA:8,2
DA:9,2
DA:10,2
DA:11,2
DA:12,1
DA:13,2
DA:14,0
DA:15,0
DA:16,2
LF:16
LH:14
BRDA:6,0,0,2
BRDA:7,1,0,0
BRDA:7,2,0,0
BRDA:11,3,0,1
BRDA:13,4,0,0
BRF:5
BRH:2
end_of_record
TN:
SF:src\lib\auth.ts
FN:93,parseJsonResponse
FN:101,registerEmail
FN:113,registerPhone
FN:125,verifyEmail
FN:137,verifyPhone
FN:149,socialAuth
FN:161,login
FN:173,refreshTokens
FN:185,logout
FN:197,isTokenResponse
FNF:10
FNH:7
FNDA:6,parseJsonResponse
FNDA:1,registerEmail
FNDA:0,registerPhone
FNDA:1,verifyEmail
FNDA:0,verifyPhone
FNDA:0,socialAuth
FNDA:3,login
FNDA:1,refreshTokens
FNDA:1,logout
FNDA:4,isTokenResponse
DA:1,1
DA:2,1
DA:3,1
DA:4,1
DA:5,1
DA:6,1
DA:7,1
DA:8,1
DA:9,1
DA:10,1
DA:11,1
DA:12,1
DA:13,1
DA:14,1
DA:15,1
DA:16,1
DA:17,1
DA:18,1
DA:19,1
DA:20,1
DA:21,1
DA:22,1
DA:23,1
DA:24,1
DA:25,1
DA:26,1
DA:27,1
DA:28,1
DA:29,1
DA:30,1
DA:31,1
DA:32,1
DA:33,1
DA:34,1
DA:35,1
DA:36,1
DA:37,1
DA:38,1
DA:39,1
DA:40,1
DA:41,1
DA:42,1
DA:43,1
DA:44,1
DA:45,1
DA:46,1
DA:47,1
DA:48,1
DA:49,1
DA:50,1
DA:51,1
DA:52,1
DA:53,1
DA:54,1
DA:55,1
DA:56,1
DA:57,1
DA:58,1
DA:59,1
DA:60,1
DA:61,1
DA:62,1
DA:63,1
DA:64,1
DA:65,1
DA:66,1
DA:67,1
DA:68,1
DA:69,1
DA:70,1
DA:71,1
DA:72,1
DA:73,1
DA:74,1
DA:75,1
DA:76,1
DA:77,1
DA:78,1
DA:79,1
DA:80,1
DA:81,1
DA:82,1
DA:83,1
DA:84,1
DA:85,1
DA:86,1
DA:87,1
DA:88,1
DA:89,1
DA:90,1
DA:91,1
DA:92,1
DA:93,6
DA:94,6
DA:95,1
DA:96,1
DA:97,1
DA:98,5
DA:99,5
DA:100,1
DA:101,1
DA:102,1
DA:103,1
DA:104,1
DA:105,1
DA:106,1
DA:107,1
DA:108,1
DA:109,1
DA:110,1
DA:111,1
DA:112,1
DA:113,1
DA:114,0
DA:115,0
DA:116,0
DA:117,0
DA:118,0
DA:119,0
DA:120,0
DA:121,0
DA:122,0
DA:123,0
DA:124,1
DA:125,1
DA:126,1
DA:127,1
DA:128,1
DA:129,1
DA:130,1
DA:131,1
DA:132,1
DA:133,1
DA:134,1
DA:135,1
DA:136,1
DA:137,1
DA:138,0
DA:139,0
DA:140,0
DA:141,0
DA:142,0
DA:143,0
DA:144,0
DA:145,0
DA:146,0
DA:147,0
DA:148,1
DA:149,1
DA:150,0
DA:151,0
DA:152,0
DA:153,0
DA:154,0
DA:155,0
DA:156,0
DA:157,0
DA:158,0
DA:159,0
DA:160,1
DA:161,1
DA:162,3
DA:163,3
DA:164,3
DA:165,3
DA:166,3
DA:167,3
DA:168,3
DA:169,3
DA:170,3
DA:171,3
DA:172,1
DA:173,1
DA:174,1
DA:175,1
DA:176,1
DA:177,1
DA:178,1
DA:179,1
DA:180,1
DA:181,1
DA:182,1
DA:183,1
DA:184,1
DA:185,1
DA:186,1
DA:187,1
DA:188,1
DA:189,1
DA:190,1
DA:191,1
DA:192,0
DA:193,0
DA:194,0
DA:195,1
DA:196,1
DA:197,1
DA:198,4
DA:199,4
DA:200,4
DA:201,4
LF:201
LH:168
BRDA:93,0,0,6
BRDA:94,1,0,1
BRDA:97,2,0,5
BRDA:101,3,0,1
BRDA:125,4,0,1
BRDA:161,5,0,3
BRDA:173,6,0,1
BRDA:185,7,0,1
BRDA:191,8,0,0
BRDA:197,9,0,4
BRF:10
BRH:9
end_of_record
TN:
SF:src\lib\config.ts
FN:1,getApiUrl
FN:5,isSocialAuthDebug
FN:9,getGoogleClientId
FNF:3
FNH:3
FNDA:1,getApiUrl
FNDA:2,isSocialAuthDebug
FNDA:2,getGoogleClientId
DA:1,1
DA:2,1
DA:3,1
DA:4,1
DA:5,1
DA:6,2
DA:7,2
DA:8,1
DA:9,1
DA:10,2
DA:11,2
LF:11
LH:11
BRDA:1,0,0,1
BRDA:5,1,0,2
BRDA:9,2,0,2
BRDA:10,3,0,1
BRF:4
BRH:4
end_of_record
TN:
SF:src\lib\data.ts
FNF:0
FNH:0
DA:1,1
DA:2,1
DA:3,1
DA:4,1
DA:5,1
DA:6,1
DA:7,1
DA:8,1
DA:9,1
DA:10,1
DA:11,1
DA:12,1
DA:13,1
DA:14,1
DA:15,1
DA:16,1
DA:17,1
DA:18,1
DA:19,1
DA:20,1
DA:21,1
DA:22,1
DA:23,1
DA:24,1
DA:25,1
DA:26,1
DA:27,1
DA:28,1
DA:29,1
DA:30,1
DA:31,1
DA:32,1
DA:33,1
DA:34,1
DA:35,1
DA:36,1
DA:37,1
DA:38,1
DA:39,1
DA:40,1
DA:41,1
DA:42,1
DA:43,1
DA:44,1
DA:45,1
DA:46,1
DA:47,1
DA:48,1
DA:49,1
DA:50,1
DA:51,1
DA:52,1
DA:53,1
DA:54,1
DA:55,1
DA:56,1
LF:56
LH:56
BRF:0
BRH:0
end_of_record
TN:
SF:src\lib\errors.ts
FN:1,parseApiError
FNF:1
FNH:1
FNDA:3,parseApiError
DA:1,1
DA:2,3
DA:3,3
DA:4,3
DA:5,1
DA:6,1
DA:7,3
DA:8,0
DA:9,0
DA:10,3
DA:11,2
DA:12,2
DA:13,3
DA:14,3
LF:14
LH:12
BRDA:1,0,0,3
BRDA:4,1,0,2
BRDA:4,2,0,1
BRDA:6,3,0,0
BRDA:7,4,0,0
BRDA:10,5,0,2
BRDA:13,6,0,0
BRF:7
BRH:4
end_of_record
TN:
SF:src\lib\query-client.ts
FN:1,(empty-report)
FNF:1
FNH:0
FNDA:0,(empty-report)
DA:1,0
DA:2,0
DA:3,0
DA:4,0
DA:5,0
DA:6,0
DA:7,0
DA:8,0
DA:9,0
DA:10,0
DA:11,0
DA:12,0
DA:13,0
DA:14,0
DA:15,0
DA:16,0
DA:17,0
DA:18,0
DA:19,0
DA:20,0
DA:21,0
DA:22,0
DA:23,0
DA:24,0
LF:24
LH:0
BRDA:1,0,0,0
BRF:1
BRH:0
end_of_record
TN:
SF:src\lib\query-keys.ts
FN:1,(empty-report)
FNF:1
FNH:0
FNDA:0,(empty-report)
DA:1,0
DA:2,0
DA:3,0
LF:3
LH:0
BRDA:1,0,0,0
BRF:1
BRH:0
end_of_record
TN:
SF:src\lib\session.ts
FN:10,saveSession
FN:23,clearSession
FN:41,fetchCurrentUser
FNF:3
FNH:3
FNDA:1,saveSession
FNDA:1,clearSession
FNDA:1,fetchCurrentUser
DA:1,1
DA:2,1
DA:3,1
DA:4,1
DA:5,1
DA:6,1
DA:7,1
DA:8,1
DA:9,1
DA:10,1
DA:11,1
DA:12,1
DA:13,1
DA:14,1
DA:15,1
DA:16,1
DA:17,1
DA:18,0
DA:19,0
DA:20,0
DA:21,1
DA:22,1
DA:23,1
DA:24,1
DA:25,1
DA:26,0
DA:27,0
DA:28,0
DA:29,1
DA:30,1
DA:31,1
DA:32,1
DA:33,1
DA:34,1
DA:35,1
DA:36,1
DA:37,1
DA:38,1
DA:39,1
DA:40,1
DA:41,1
DA:42,1
DA:43,1
DA:44,0
DA:45,0
DA:46,0
DA:47,1
DA:48,1
LF:48
LH:39
BRDA:10,0,0,1
BRDA:17,1,0,0
BRDA:23,2,0,1
BRDA:25,3,0,0
BRDA:41,4,0,1
BRDA:43,5,0,0
BRF:6
BRH:3
end_of_record
TN:
SF:src\lib\validation.ts
FN:4,validateEmail
FN:10,validatePassword
FN:16,validatePhone
FN:22,validateOtp
FNF:4
FNH:4
FNDA:6,validateEmail
FNDA:5,validatePassword
FNDA:2,validatePhone
FNDA:2,validateOtp
DA:1,1
DA:2,1
DA:3,1
DA:4,1
DA:5,6
DA:6,6
DA:7,3
DA:8,3
DA:9,1
DA:10,1
DA:11,5
DA:12,4
DA:13,3
DA:14,3
DA:15,1
DA:16,1
DA:17,2
DA:18,2
DA:19,1
DA:20,1
DA:21,1
DA:22,1
DA:23,2
DA:24,2
DA:25,1
DA:26,1
LF:26
LH:26
BRDA:4,0,0,6
BRDA:5,1,0,5
BRDA:5,2,0,2
BRDA:5,3,0,4
BRDA:6,4,0,4
BRDA:6,5,0,1
BRDA:6,6,0,3
BRDA:10,7,0,5
BRDA:11,8,0,4
BRDA:11,9,0,1
BRDA:12,10,0,1
BRDA:12,11,0,3
BRDA:16,12,0,2
BRDA:17,13,0,0
BRDA:18,14,0,1
BRDA:22,15,0,2
BRDA:23,16,0,0
BRDA:24,17,0,1
BRF:18
BRH:16
end_of_record
